#
# There is insufficient memory for the Java Runtime Environment to continue.
# Native memory allocation (malloc) failed to allocate 1048576 bytes for AllocateHeap
# Possible reasons:
#   The system is out of physical RAM or swap space
#   In 32 bit mode, the process size limit was hit
# Possible solutions:
#   Reduce memory load on the system
#   Increase physical memory or swap space
#   Check if swap backing store is full
#   Use 64 bit Java on a 64 bit OS
#   Decrease Java heap size (-Xmx/-Xms)
#   Decrease number of Java threads
#   Decrease Java thread stack sizes (-Xss)
#   Set larger code cache with -XX:ReservedCodeCacheSize=
# This output file may be truncated or incomplete.
#
#  Out of Memory Error (memory/allocation.inline.hpp:61), pid=8148, tid=0x000000000000178c
#
# JRE version:  (8.0_181-b13) (build )
# Java VM: Java HotSpot(TM) 64-Bit Server VM (25.181-b13 mixed mode windows-amd64 compressed oops)
# Failed to write core dump. Minidumps are not enabled by default on client versions of Windows
#

---------------  T H R E A D  ---------------

Current thread (0x0000000003287000):  JavaThread "Unknown thread" [_thread_in_vm, id=6028, stack(0x0000000002fc0000,0x00000000030c0000)]

Stack: [0x0000000002fc0000,0x00000000030c0000]
[error occurred during error reporting (printing stack bounds), id 0xc0000005]

Native frames: (J=compiled Java code, j=interpreted, Vv=VM code, C=native code)


---------------  P R O C E S S  ---------------

Java Threads: ( => current thread )

Other Threads:

=>0x0000000003287000 (exited) JavaThread "Unknown thread" [_thread_in_vm, id=6028, stack(0x0000000002fc0000,0x00000000030c0000)]

VM state:not at safepoint (normal execution)

VM Mutex/Monitor currently owned by a thread: None

Heap:
 PSYoungGen      total 38400K, used 665K [0x00000000d5f00000, 0x00000000d8980000, 0x0000000100000000)
  eden space 33280K, 2% used [0x00000000d5f00000,0x00000000d5fa6670,0x00000000d7f80000)
  from space 5120K, 0% used [0x00000000d8480000,0x00000000d8480000,0x00000000d8980000)
  to   space 5120K, 0% used [0x00000000d7f80000,0x00000000d7f80000,0x00000000d8480000)
 ParOldGen       total 87552K, used 0K [0x0000000081c00000, 0x0000000087180000, 0x00000000d5f00000)
  object space 87552K, 0% used [0x0000000081c00000,0x0000000081c00000,0x0000000087180000)
 Metaspace       used 775K, capacity 4480K, committed 4480K, reserved 1056768K
  class space    used 76K, capacity 384K, committed 384K, reserved 1048576K

Card table byte_map: [0x0000000012740000,0x0000000012b40000] byte_map_base: 0x0000000012332000

Marking Bits: (ParMarkBitMap*) 0x0000000057d52d00
 Begin Bits: [0x00000000135f0000, 0x0000000015580000)
 End Bits:   [0x0000000015580000, 0x0000000017510000)

Polling page: 0x0000000001340000

CodeCache: size=245760Kb used=328Kb max_used=328Kb free=245431Kb
 bounds [0x0000000003380000, 0x00000000035f0000, 0x0000000012380000]
 total_blobs=58 nmethods=0 adapters=38
 compilation: enabled

Compilation events (0 events):
No events

GC Heap History (0 events):
No events

Deoptimization events (0 events):
No events

Classes redefined (0 events):
No events

Internal exceptions (0 events):
No events

Events (10 events):
Event: 0.035 loading class java/lang/Short
Event: 0.035 loading class java/lang/Short done
Event: 0.035 loading class java/lang/Integer
Event: 0.035 loading class java/lang/Integer done
Event: 0.035 loading class java/lang/Long
Event: 0.035 loading class java/lang/Long done
Event: 0.036 loading class java/lang/NullPointerException
Event: 0.036 loading class java/lang/NullPointerException done
Event: 0.036 loading class java/lang/ArithmeticException
Event: 0.036 loading class java/lang/ArithmeticException done


Dynamic libraries:
0x00007ff72a380000 - 0x00007ff72a3b7000 	D:\Program Files\Java\jdk1.8.0_181\bin\java.exe
0x00007ff86db40000 - 0x00007ff86dd30000 	C:\WINDOWS\SYSTEM32\ntdll.dll
0x00007ff86d790000 - 0x00007ff86d842000 	C:\WINDOWS\System32\KERNEL32.DLL
0x00007ff86b6e0000 - 0x00007ff86b983000 	C:\WINDOWS\System32\KERNELBASE.dll
0x00007ff86d2c0000 - 0x00007ff86d363000 	C:\WINDOWS\System32\ADVAPI32.dll
0x00007ff86c680000 - 0x00007ff86c71e000 	C:\WINDOWS\System32\msvcrt.dll
0x00007ff86be60000 - 0x00007ff86bef7000 	C:\WINDOWS\System32\sechost.dll
0x00007ff86c810000 - 0x00007ff86c930000 	C:\WINDOWS\System32\RPCRT4.dll
0x00007ff86d0b0000 - 0x00007ff86d243000 	C:\WINDOWS\System32\USER32.dll
0x00007ff86aad0000 - 0x00007ff86aaf1000 	C:\WINDOWS\System32\win32u.dll
0x00007ff86c990000 - 0x00007ff86c9b6000 	C:\WINDOWS\System32\GDI32.dll
0x00007ff86b520000 - 0x00007ff86b6b4000 	C:\WINDOWS\System32\gdi32full.dll
0x00007ff86b430000 - 0x00007ff86b4ce000 	C:\WINDOWS\System32\msvcp_win.dll
0x00007ff86b330000 - 0x00007ff86b42a000 	C:\WINDOWS\System32\ucrtbase.dll
0x00007ff859020000 - 0x00007ff8592a5000 	C:\WINDOWS\WinSxS\amd64_microsoft.windows.common-controls_6595b64144ccf1df_6.0.18362.356_none_e6c4af7d130f27cc\COMCTL32.dll
0x00007ff86d390000 - 0x00007ff86d6c6000 	C:\WINDOWS\System32\combase.dll
0x00007ff86bb70000 - 0x00007ff86bbf0000 	C:\WINDOWS\System32\bcryptPrimitives.dll
0x00007ff86d850000 - 0x00007ff86d87e000 	C:\WINDOWS\System32\IMM32.DLL
0x0000000057de0000 - 0x0000000057eb2000 	D:\Program Files\Java\jdk1.8.0_181\jre\bin\msvcr100.dll
0x0000000057530000 - 0x0000000057dd2000 	D:\Program Files\Java\jdk1.8.0_181\jre\bin\server\jvm.dll
0x00007ff86c200000 - 0x00007ff86c208000 	C:\WINDOWS\System32\PSAPI.DLL
0x00007ff867410000 - 0x00007ff867434000 	C:\WINDOWS\SYSTEM32\WINMM.dll
0x00007ff856200000 - 0x00007ff856209000 	C:\WINDOWS\SYSTEM32\WSOCK32.dll
0x00007ff863240000 - 0x00007ff86324a000 	C:\WINDOWS\SYSTEM32\VERSION.dll
0x00007ff86d250000 - 0x00007ff86d2bf000 	C:\WINDOWS\System32\WS2_32.dll
0x00007ff8673e0000 - 0x00007ff86740d000 	C:\WINDOWS\SYSTEM32\WINMMBASE.dll
0x00007ff86b4d0000 - 0x00007ff86b51a000 	C:\WINDOWS\System32\cfgmgr32.dll
0x0000000057520000 - 0x000000005752f000 	D:\Program Files\Java\jdk1.8.0_181\jre\bin\verify.dll
0x00000000574f0000 - 0x0000000057519000 	D:\Program Files\Java\jdk1.8.0_181\jre\bin\java.dll
0x00000000574c0000 - 0x00000000574e3000 	D:\Program Files\Java\jdk1.8.0_181\jre\bin\instrument.dll
0x00000000574a0000 - 0x00000000574b6000 	D:\Program Files\Java\jdk1.8.0_181\jre\bin\zip.dll

VM Arguments:
jvm_args: -XX:TieredStopAtLevel=1 -Xverify:none -Dspring.output.ansi.enabled=always -Dcom.sun.management.jmxremote -Dcom.sun.management.jmxremote.port=53979 -Dcom.sun.management.jmxremote.authenticate=false -Dcom.sun.management.jmxremote.ssl=false -Djava.rmi.server.hostname=localhost -Dspring.liveBeansView.mbeanDomain -Dspring.application.admin.enabled=true -javaagent:D:\intelli j\IntelliJ IDEA 2018.3.1\lib\idea_rt.jar=53980:D:\intelli j\IntelliJ IDEA 2018.3.1\bin -Dfile.encoding=UTF-8 
java_command: positionsearchmodule.searchmodule.SearchmoduleApplication
java_class_path (initial): D:\Program Files\Java\jdk1.8.0_181\jre\lib\charsets.jar;D:\Program Files\Java\jdk1.8.0_181\jre\lib\deploy.jar;D:\Program Files\Java\jdk1.8.0_181\jre\lib\ext\access-bridge-64.jar;D:\Program Files\Java\jdk1.8.0_181\jre\lib\ext\cldrdata.jar;D:\Program Files\Java\jdk1.8.0_181\jre\lib\ext\dnsns.jar;D:\Program Files\Java\jdk1.8.0_181\jre\lib\ext\jaccess.jar;D:\Program Files\Java\jdk1.8.0_181\jre\lib\ext\jfxrt.jar;D:\Program Files\Java\jdk1.8.0_181\jre\lib\ext\localedata.jar;D:\Program Files\Java\jdk1.8.0_181\jre\lib\ext\nashorn.jar;D:\Program Files\Java\jdk1.8.0_181\jre\lib\ext\sunec.jar;D:\Program Files\Java\jdk1.8.0_181\jre\lib\ext\sunjce_provider.jar;D:\Program Files\Java\jdk1.8.0_181\jre\lib\ext\sunmscapi.jar;D:\Program Files\Java\jdk1.8.0_181\jre\lib\ext\sunpkcs11.jar;D:\Program Files\Java\jdk1.8.0_181\jre\lib\ext\zipfs.jar;D:\Program Files\Java\jdk1.8.0_181\jre\lib\javaws.jar;D:\Program Files\Java\jdk1.8.0_181\jre\lib\jce.jar;D:\Program Files\Java\jdk1.8.0_181\jre\lib\jfr.jar;D:\Program Files\Java\jdk1.8.0_181\jre\lib\jfxswt.jar;D:\Program Files\Java\jdk1.8.0_181\jre\lib\jsse.jar;D:\Program Files\Java\jdk1.8.0_181\jre\lib\management-agent.jar;D:\Program Files\Java\jdk1.8.0_181\jre\lib\plugin.jar;D:\Program Files\Java\jdk1.8.0_181\jre\lib\resources.jar;D:\Program Files\Java\jdk1.8.0_181\jre\lib\rt.jar;D:\intelli j\searchmodule\target\classes;D:\Apache-maven\apache-maven-3.6.1\repo\org\springframework\boot\spring-boot-starter-thymeleaf\2.1.8.RELEASE\spring-boot-starter-thymeleaf-2.1.8.RELEASE.jar;D:\Apache-maven\apache-maven-3.6.1\repo\org\springframework\boot\spring-boot-starter\2.1.8.RELEASE\spring-boot-starter-2.1.8.RELEASE.jar;D:\Apache-maven\apache-maven-3.6.1\repo\org\springframework\boot\spring-boot\2.1.8.RELEASE\spring-boot-2.1.8.RELEASE.jar;D:\Apache-maven\apache-maven-3.6.1\repo\org\springframework\boot\spring-boot-autoconfigure\2.1.8.RELEASE\spring-boot-autoconfigure-2.1.8.RELEASE.jar;D:\Apache-maven\apache-maven-3.6.1\repo\org\
Launcher Type: SUN_STANDARD

Environment Variables:
JAVA_HOME=D:\Program Files\Java\jdk1.8.0_181
PATH=D:\app\18870\product\11.2.0\dbhome_1\bin;C:\Program Files (x86)\Common Files\Intel\Shared Libraries\redist\intel64\compiler;C:\Program Files (x86)\Common Files\Oracle\Java\javapath;C:\Program Files (x86)\Intel\iCLS Client\;C:\Program Files\Intel\iCLS Client\;C:\Windows\system32;C:\Windows;C:\Windows\System32\Wbem;C:\Windows\System32\WindowsPowerShell\v1.0\;C:\Program Files (x86)\NVIDIA Corporation\PhysX\Common;C:\Program Files (x86)\Intel\Intel(R) Management Engine Components\DAL;C:\Program Files\Intel\Intel(R) Management Engine Components\DAL;C:\Program Files (x86)\Intel\Intel(R) Management Engine Components\IPT;C:\Program Files\Intel\Intel(R) Management Engine Components\IPT;C:\Program Files\Intel\WiFi\bin\;C:\Program Files\Common Files\Intel\WirelessCommon\;D:\Program Files\Java\jdk1.8.0_181\bin;C:\WINDOWS\system32;C:\WINDOWS;C:\WINDOWS\System32\Wbem;C:\WINDOWS\System32\WindowsPowerShell\v1.0\;C:\WINDOWS\System32\OpenSSH\;C:\Program Files\NVIDIA Corporation\NVIDIA NvDLISR;D:\My SQL\mysql-8.0.13-winx64\bin;D:\AndroidSDK\platform-tools;D:\AndroidSDK\tools;D:\Rational Rose\common;D:\Git\Git\cmd;D:\Apache-maven\apache-maven-3.6.1\bin;D:\Gradle\gradle-5.4.1\bin;;C:\WINDOWS\system32;C:\WINDOWS;C:\WINDOWS\System32\Wbem;C:\WINDOWS\System32\WindowsPowerShell\v1.0\;C:\WINDOWS\System32\OpenSSH\;C:\Users\18870\AppData\Local\Microsoft\WindowsApps;D:\Microsoft VS Code\bin;D:\intelli j\IntelliJ IDEA 2018.3.1\bin;;D:\AndroidSDK\platform-tools;D:\AndroidSDK\tools;D:\Apache-maven\apache-maven-3.6.1\bin;D:\Gradle\gradle-5.4.1\bin;C:\Users\18870\AppData\Local\Pandoc\
USERNAME=18870
OS=Windows_NT
PROCESSOR_IDENTIFIER=Intel64 Family 6 Model 158 Stepping 9, GenuineIntel



---------------  S Y S T E M  ---------------

OS: Windows 10.0 , 64 bit Build 18362 (10.0.18362.329)

CPU:total 8 (initial active 8) (4 cores per cpu, 2 threads per core) family 6 model 158 stepping 9, cmov, cx8, fxsr, mmx, sse, sse2, sse3, ssse3, sse4.1, sse4.2, popcnt, avx, avx2, aes, clmul, erms, 3dnowpref, lzcnt, ht, tsc, tscinvbit, bmi1, bmi2, adx

Memory: 4k page, physical 8270008k(828884k free), swap 10367160k(5372k free)

vm_info: Java HotSpot(TM) 64-Bit Server VM (25.181-b13) for windows-amd64 JRE (1.8.0_181-b13), built on Jul  7 2018 04:01:33 by "java_re" with MS VC++ 10.0 (VS2010)

time: Wed Sep 25 10:15:47 2019
elapsed time: 0 seconds (0d 0h 0m 0s)

